<?xml version="1.0" encoding="UTF-8"?>
<!-- Generated by org.testng.reporters.JUnitReportReporter -->
<testsuite hostname="Akaashs-MacBook-Pro.local" failures="0" tests="1" name="Guru99.lPage" time="6.824" errors="0" timestamp="7 Mar 2019 20:09:14 GMT">
  <testcase classname="Guru99.lPage" name="basePageNavigation" time="6.824"/>
</testsuite> <!-- Guru99.lPage -->
